Start testing: May 11 19:59 UTC
----------------------------------------------------------
1/4 Testing: Ballistics.ComputesKnownDropPoint
1/4 Test: Ballistics.ComputesKnownDropPoint
Command: "/workspaces/miltech-cpp-course/build/debug/homework_06/ballistics_tests" "--gtest_filter=Ballistics.ComputesKnownDropPoint" "--gtest_also_run_disabled_tests"
Directory: /workspaces/miltech-cpp-course/build/debug/homework_06
"Ballistics.ComputesKnownDropPoint" start time: May 11 19:59 UTC
Output:
----------------------------------------------------------
Running main() from /workspaces/miltech-cpp-course/build/debug/_deps/googletest-src/googletest/src/gtest_main.cc
Note: Google Test filter = Ballistics.ComputesKnownDropPoint
[==========] Running 1 test from 1 test suite.
[----------] Global test environment set-up.
[----------] 1 test from Ballistics
[ RUN      ] Ballistics.ComputesKnownDropPoint
[       OK ] Ballistics.ComputesKnownDropPoint (0 ms)
[----------] 1 test from Ballistics (0 ms total)

[----------] Global test environment tear-down
[==========] 1 test from 1 test suite ran. (0 ms total)
[  PASSED  ] 1 test.
<end of output>
Test time =   0.00 sec
----------------------------------------------------------
Test Passed.
"Ballistics.ComputesKnownDropPoint" end time: May 11 19:59 UTC
"Ballistics.ComputesKnownDropPoint" time elapsed: 00:00:00
----------------------------------------------------------

2/4 Testing: Ballistics.ThrowsOnUnknownAmmoType
2/4 Test: Ballistics.ThrowsOnUnknownAmmoType
Command: "/workspaces/miltech-cpp-course/build/debug/homework_06/ballistics_tests" "--gtest_filter=Ballistics.ThrowsOnUnknownAmmoType" "--gtest_also_run_disabled_tests"
Directory: /workspaces/miltech-cpp-course/build/debug/homework_06
"Ballistics.ThrowsOnUnknownAmmoType" start time: May 11 19:59 UTC
Output:
----------------------------------------------------------
Running main() from /workspaces/miltech-cpp-course/build/debug/_deps/googletest-src/googletest/src/gtest_main.cc
Note: Google Test filter = Ballistics.ThrowsOnUnknownAmmoType
[==========] Running 1 test from 1 test suite.
[----------] Global test environment set-up.
[----------] 1 test from Ballistics
[ RUN      ] Ballistics.ThrowsOnUnknownAmmoType
[       OK ] Ballistics.ThrowsOnUnknownAmmoType (0 ms)
[----------] 1 test from Ballistics (0 ms total)

[----------] Global test environment tear-down
[==========] 1 test from 1 test suite ran. (0 ms total)
[  PASSED  ] 1 test.
<end of output>
Test time =   0.00 sec
----------------------------------------------------------
Test Passed.
"Ballistics.ThrowsOnUnknownAmmoType" end time: May 11 19:59 UTC
"Ballistics.ThrowsOnUnknownAmmoType" time elapsed: 00:00:00
----------------------------------------------------------

3/4 Testing: Ballistics.ThrowsOnZeroAltitude
3/4 Test: Ballistics.ThrowsOnZeroAltitude
Command: "/workspaces/miltech-cpp-course/build/debug/homework_06/ballistics_tests" "--gtest_filter=Ballistics.ThrowsOnZeroAltitude" "--gtest_also_run_disabled_tests"
Directory: /workspaces/miltech-cpp-course/build/debug/homework_06
"Ballistics.ThrowsOnZeroAltitude" start time: May 11 19:59 UTC
Output:
----------------------------------------------------------
Running main() from /workspaces/miltech-cpp-course/build/debug/_deps/googletest-src/googletest/src/gtest_main.cc
Note: Google Test filter = Ballistics.ThrowsOnZeroAltitude
[==========] Running 1 test from 1 test suite.
[----------] Global test environment set-up.
[----------] 1 test from Ballistics
[ RUN      ] Ballistics.ThrowsOnZeroAltitude
[       OK ] Ballistics.ThrowsOnZeroAltitude (0 ms)
[----------] 1 test from Ballistics (0 ms total)

[----------] Global test environment tear-down
[==========] 1 test from 1 test suite ran. (0 ms total)
[  PASSED  ] 1 test.
<end of output>
Test time =   0.00 sec
----------------------------------------------------------
Test Passed.
"Ballistics.ThrowsOnZeroAltitude" end time: May 11 19:59 UTC
"Ballistics.ThrowsOnZeroAltitude" time elapsed: 00:00:00
----------------------------------------------------------

4/4 Testing: Ballistics.GlidingAmmoProducesPositiveFlightTime
4/4 Test: Ballistics.GlidingAmmoProducesPositiveFlightTime
Command: "/workspaces/miltech-cpp-course/build/debug/homework_06/ballistics_tests" "--gtest_filter=Ballistics.GlidingAmmoProducesPositiveFlightTime" "--gtest_also_run_disabled_tests"
Directory: /workspaces/miltech-cpp-course/build/debug/homework_06
"Ballistics.GlidingAmmoProducesPositiveFlightTime" start time: May 11 19:59 UTC
Output:
----------------------------------------------------------
Running main() from /workspaces/miltech-cpp-course/build/debug/_deps/googletest-src/googletest/src/gtest_main.cc
Note: Google Test filter = Ballistics.GlidingAmmoProducesPositiveFlightTime
[==========] Running 1 test from 1 test suite.
[----------] Global test environment set-up.
[----------] 1 test from Ballistics
[ RUN      ] Ballistics.GlidingAmmoProducesPositiveFlightTime
[       OK ] Ballistics.GlidingAmmoProducesPositiveFlightTime (0 ms)
[----------] 1 test from Ballistics (0 ms total)

[----------] Global test environment tear-down
[==========] 1 test from 1 test suite ran. (0 ms total)
[  PASSED  ] 1 test.
<end of output>
Test time =   0.00 sec
----------------------------------------------------------
Test Passed.
"Ballistics.GlidingAmmoProducesPositiveFlightTime" end time: May 11 19:59 UTC
"Ballistics.GlidingAmmoProducesPositiveFlightTime" time elapsed: 00:00:00
----------------------------------------------------------

End testing: May 11 19:59 UTC
